Build started 4/25/2014 12:52:11 AM.
     1>Project "C:\Users\Nick\Documents\Programming\EE361\NRolfe_Baccarat\NRolfe_Baccarat\NRolfe_Baccarat.vcxproj" on node 2 (Build target(s)).
     1>ClCompile:
         C:\Program Files (x86)\Microsoft Visual Studio 12.0\VC\bin\CL.exe /c /AI"C:\Program Files (x86)\Reference Assemblies\Microsoft\Framework\.NETFramework\v4.5\\" /AI"C:\Program Files (x86)\Windows Kits\8.1\References\CommonConfiguration\Neutral" /AI"C:\Program Files (x86)\Reference Assemblies\Microsoft\Framework\.NETFramework\v4.5\Facades\\" /Zi /clr /nologo /W3 /WX- /Od /Oy- /D WIN32 /D _DEBUG /D _UNICODE /D UNICODE /EHa /MDd /GS /fp:precise /Zc:wchar_t /Zc:forScope /Yu"stdafx.h" /Fp"Debug\NRolfe_Baccarat.pch" /Fo"Debug\\" /Fd"Debug\vc120.pdb" /TP /FU"C:\Program Files (x86)\Reference Assemblies\Microsoft\Framework\.NETFramework\v4.5\mscorlib.dll" /FU"C:\Program Files (x86)\Reference Assemblies\Microsoft\Framework\.NETFramework\v4.5\System.Data.dll" /FU"C:\Program Files (x86)\Reference Assemblies\Microsoft\Framework\.NETFramework\v4.5\System.dll" /FU"C:\Program Files (x86)\Reference Assemblies\Microsoft\Framework\.NETFramework\v4.5\System.Xml.dll" /analyze- /errorReport:prompt /clr:nostdlib NRolfe_Baccarat.cpp
         NRolfe_Baccarat.cpp
     1>NRolfe_Baccarat.cpp(22): warning C4101: 'test' : unreferenced local variable
       Link:
         C:\Program Files (x86)\Microsoft Visual Studio 12.0\VC\bin\link.exe /ERRORREPORT:PROMPT /OUT:"C:\Users\Nick\Documents\Programming\EE361\NRolfe_Baccarat\Debug\NRolfe_Baccarat.exe" /INCREMENTAL /NOLOGO /MANIFEST /MANIFESTUAC:"level='asInvoker' uiAccess='false'" /manifest:embed /DEBUG /PDB:"C:\Users\Nick\Documents\Programming\EE361\NRolfe_Baccarat\Debug\NRolfe_Baccarat.pdb" /ASSEMBLYDEBUG /SUBSYSTEM:CONSOLE /TLBID:1 /DYNAMICBASE /FIXED:NO /NXCOMPAT /MACHINE:X86 Debug\app.res
         Debug\AssemblyInfo.obj
         Debug\Banker.obj
         Debug\Cardcpp.obj
         Debug\Deck.obj
         Debug\Game.obj
         Debug\Generic_Player.obj
         Debug\Hand.obj
         Debug\NRolfe_Baccarat.obj
         Debug\Player.obj
         Debug\stdafx.obj
         "Debug\.NETFramework,Version=v4.5.AssemblyAttributes.obj"
         NRolfe_Baccarat.vcxproj -> C:\Users\Nick\Documents\Programming\EE361\NRolfe_Baccarat\Debug\NRolfe_Baccarat.exe
     1>Done Building Project "C:\Users\Nick\Documents\Programming\EE361\NRolfe_Baccarat\NRolfe_Baccarat\NRolfe_Baccarat.vcxproj" (Build target(s)).

Build succeeded.

Time Elapsed 00:00:01.85
